This is pdfTeX, Version 3.1415926-1.40.10 (TeX Live 2009/Debian) (format=pdflatex 2012.1.18)  23 JAN 2012 09:01
entering extended mode
 %&-line parsing enabled.
**sample.tex
(./sample.tex
LaTeX2e <2009/09/24>
Babel <v3.8l> and hyphenation patterns for english, usenglishmax, dumylang, noh
yphenation, loaded.
(/usr/share/texmf-texlive/tex/latex/base/article.cls
Document Class: article 2007/10/19 v1.4h Standard LaTeX document class
(/usr/share/texmf-texlive/tex/latex/base/size11.clo
File: size11.clo 2007/10/19 v1.4h Standard LaTeX file (size option)
)
\c@part=\count79
\c@section=\count80
\c@subsection=\count81
\c@subsubsection=\count82
\c@paragraph=\count83
\c@subparagraph=\count84
\c@figure=\count85
\c@table=\count86
\abovecaptionskip=\skip41
\belowcaptionskip=\skip42
\bibindent=\dimen102
)
(/usr/share/texmf-texlive/tex/latex/ltxmisc/a4wide.sty
Package: a4wide 1994/08/30


! LaTeX Error: File `a4.sty' not found.

Type X to quit or <RETURN> to proceed,
or enter new name. (Default extension: sty)

Enter file name: 
) (/usr/share/texmf-texlive/tex/latex/graphics/graphicx.sty
Package: graphicx 1999/02/16 v1.0f Enhanced LaTeX Graphics (DPC,SPQR)

(/usr/share/texmf-texlive/tex/latex/graphics/keyval.sty
Package: keyval 1999/03/16 v1.13 key=value parser (DPC)
\KV@toks@=\toks14
)
(/usr/share/texmf-texlive/tex/latex/graphics/graphics.sty
Package: graphics 2009/02/05 v1.0o Standard LaTeX Graphics (DPC,SPQR)

(/usr/share/texmf-texlive/tex/latex/graphics/trig.sty
Package: trig 1999/03/16 v1.09 sin cos tan (DPC)
)
(/etc/texmf/tex/latex/config/graphics.cfg
File: graphics.cfg 2009/08/28 v1.8 graphics configuration of TeX Live
)
Package graphics Info: Driver file: pdftex.def on input line 91.

(/usr/share/texmf-texlive/tex/latex/pdftex-def/pdftex.def
File: pdftex.def 2009/08/25 v0.04m Graphics/color for pdfTeX
\Gread@gobject=\count87
))
\Gin@req@height=\dimen103
\Gin@req@width=\dimen104
) (./sample.aux)
\openout1 = `sample.aux'.

LaTeX Font Info:    Checking defaults for OML/cmm/m/it on input line 14.
LaTeX Font Info:    ... okay on input line 14.
LaTeX Font Info:    Checking defaults for T1/cmr/m/n on input line 14.
LaTeX Font Info:    ... okay on input line 14.
LaTeX Font Info:    Checking defaults for OT1/cmr/m/n on input line 14.
LaTeX Font Info:    ... okay on input line 14.
LaTeX Font Info:    Checking defaults for OMS/cmsy/m/n on input line 14.
LaTeX Font Info:    ... okay on input line 14.
LaTeX Font Info:    Checking defaults for OMX/cmex/m/n on input line 14.
LaTeX Font Info:    ... okay on input line 14.
LaTeX Font Info:    Checking defaults for U/cmr/m/n on input line 14.
LaTeX Font Info:    ... okay on input line 14.

(/usr/share/texmf-texlive/tex/context/base/supp-pdf.mkii
[Loading MPS to PDF converter (version 2006.09.02).]
\scratchcounter=\count88
\scratchdimen=\dimen105
\scratchbox=\box26
\nofMPsegments=\count89
\nofMParguments=\count90
\everyMPshowfont=\toks15
\MPscratchCnt=\count91
\MPscratchDim=\dimen106
\MPnumerator=\count92
\everyMPtoPDFconversion=\toks16
)
LaTeX Font Info:    External font `cmex10' loaded for size
(Font)              <12> on input line 22.
LaTeX Font Info:    External font `cmex10' loaded for size
(Font)              <8> on input line 22.
LaTeX Font Info:    External font `cmex10' loaded for size
(Font)              <6> on input line 22.
 (./sample.toc
LaTeX Font Info:    External font `cmex10' loaded for size
(Font)              <10.95> on input line 4.
)
\tf@toc=\write3
\openout3 = `sample.toc'.

 [1{/var/lib/texmf/fonts/map/pdftex/updmap/pdftex.map}


]
LaTeX Font Info:    Try loading font information for OMS+cmr on input line 59.

(/usr/share/texmf-texlive/tex/latex/base/omscmr.fd
File: omscmr.fd 1999/05/25 v2.5h Standard LaTeX font definitions
)
LaTeX Font Info:    Font shape `OMS/cmr/m/n' in size <10.95> not available
(Font)              Font shape `OMS/cmsy/m/n' tried instead on input line 59.

Underfull \hbox (badness 1442) in paragraph at lines 72--74
\OT1/cmr/m/n/10.95 The linux socket in-ter-face al-lows one to
 []

[2]

LaTeX Warning: `!h' float specifier changed to `!ht'.

[3]
Underfull \vbox (badness 1603) has occurred while \output is active []


<exp29.png, id=18, 578.16pt x 433.62pt>
File: exp29.png Graphic file (type png)
 <use exp29.png>
<exp29b.png, id=20, 578.16pt x 433.62pt>
File: exp29b.png Graphic file (type png)
 <use exp29b.png>

LaTeX Warning: `!h' float specifier changed to `!ht'.

[4] <exp44.png, id=24, 578.16pt x 433.62pt>
File: exp44.png Graphic file (type png)
 <use exp44.png> [5 <./exp29.png> <./exp29b.png>]

LaTeX Warning: `!h' float specifier changed to `!ht'.


Underfull \vbox (badness 10000) has occurred while \output is active []


Underfull \hbox (badness 1009) in paragraph at lines 488--488
[]\OT1/cmr/m/n/10.95 Table 8: Mean through-put of West-wood
 []


LaTeX Warning: `!h' float specifier changed to `!ht'.


LaTeX Warning: `!h' float specifier changed to `!ht'.

[6]
Underfull \vbox (badness 4013) has occurred while \output is active []



LaTeX Warning: `!h' float specifier changed to `!ht'.

[7]
Underfull \hbox (badness 1668) in paragraph at lines 665--665
[]\OT1/cmr/m/n/10.95 Table 12: Mean through-put of Scal-able
 []

[8] <exp14.png, id=40, 578.16pt x 433.62pt>
File: exp14.png Graphic file (type png)
 <use exp14.png>
<exp16.png, id=41, 578.16pt x 433.62pt>
File: exp16.png Graphic file (type png)
 <use exp16.png>
<exp19.png, id=42, 578.16pt x 433.62pt>
File: exp19.png Graphic file (type png)
 <use exp19.png>
<exp20.png, id=43, 578.16pt x 433.62pt>
File: exp20.png Graphic file (type png)
 <use exp20.png>
<exp35.png, id=44, 578.16pt x 433.62pt>
File: exp35.png Graphic file (type png)
 <use exp35.png>
<exp38.png, id=45, 578.16pt x 433.62pt>
File: exp38.png Graphic file (type png)
 <use exp38.png>
<exp39.png, id=46, 578.16pt x 433.62pt>
File: exp39.png Graphic file (type png)
 <use exp39.png>
<exp53.png, id=47, 578.16pt x 433.62pt>
File: exp53.png Graphic file (type png)
 <use exp53.png>
<exp54.png, id=48, 578.16pt x 433.62pt>
File: exp54.png Graphic file (type png)
 <use exp54.png>
<exp69.png, id=49, 578.16pt x 433.62pt>
File: exp69.png Graphic file (type png)
 <use exp69.png>
No file sample.bbl.
[9 <./exp44.png> <./exp14.png>] [10 <./exp16.png> <./exp19.png> <./exp20.png> <
./exp35.png>] [11 <./exp38.png> <./exp39.png> <./exp53.png> <./exp54.png>]
[12

 <./exp69.png>] (./sample.aux) ) 
Here is how much of TeX's memory you used:
 1053 strings out of 495061
 13277 string characters out of 1182621
 75730 words of memory out of 3000000
 4252 multiletter control sequences out of 15000+50000
 9157 words of font info for 32 fonts, out of 3000000 for 9000
 28 hyphenation exceptions out of 8191
 25i,8n,19p,381b,244s stack positions out of 5000i,500n,10000p,200000b,50000s
</usr/share/texmf-texlive/fonts/type1/public/am
sfonts/cm/cmbx10.pfb></usr/share/texmf-texlive/fonts/type1/public/amsfonts/cm/c
mbx12.pfb></usr/share/texmf-texlive/fonts/type1/public/amsfonts/cm/cmr10.pfb></
usr/share/texmf-texlive/fonts/type1/public/amsfonts/cm/cmr12.pfb></usr/share/te
xmf-texlive/fonts/type1/public/amsfonts/cm/cmr17.pfb></usr/share/texmf-texlive/
fonts/type1/public/amsfonts/cm/cmsy10.pfb></usr/share/texmf-texlive/fonts/type1
/public/amsfonts/cm/cmti10.pfb>
Output written on sample.pdf (12 pages, 809574 bytes).
PDF statistics:
 96 PDF objects out of 1000 (max. 8388607)
 0 named destinations out of 1000 (max. 500000)
 66 words of extra memory for PDF output out of 10000 (max. 10000000)

